{
	"name": "ResponseHandlingException",
	"message": "[SSL: CERTIFICATE_VERIFY_FAILED] certificate verify failed: unable to get local issuer certificate (_ssl.c:1010)",
	"stack": "\u001b[31m---------------------------------------------------------------------------\u001b[39m\n\u001b[31mConnectError\u001b[39m                              Traceback (most recent call last)\n\u001b[36mFile \u001b[39m\u001b[32mc:\\Users\\AS9969\\Desktop\\Ashish Work Folder\\DFMEA\\dfmea\\dfmea_env\\Lib\\site-packages\\httpx\\_transports\\default.py:72\u001b[39m, in \u001b[36mmap_httpcore_exceptions\u001b[39m\u001b[34m()\u001b[39m\n\u001b[32m     71\u001b[39m \u001b[38;5;28;01mtry\u001b[39;00m:\n\u001b[32m---> \u001b[39m\u001b[32m72\u001b[39m     \u001b[38;5;28;01myield\u001b[39;00m\n\u001b[32m     73\u001b[39m \u001b[38;5;28;01mexcept\u001b[39;00m \u001b[38;5;167;01mException\u001b[39;00m \u001b[38;5;28;01mas\u001b[39;00m exc:\n\n\u001b[36mFile \u001b[39m\u001b[32mc:\\Users\\AS9969\\Desktop\\Ashish Work Folder\\DFMEA\\dfmea\\dfmea_env\\Lib\\site-packages\\httpx\\_transports\\default.py:236\u001b[39m, in \u001b[36mHTTPTransport.handle_request\u001b[39m\u001b[34m(self, request)\u001b[39m\n\u001b[32m    235\u001b[39m \u001b[38;5;28;01mwith\u001b[39;00m map_httpcore_exceptions():\n\u001b[32m--> \u001b[39m\u001b[32m236\u001b[39m     resp = \u001b[38;5;28;43mself\u001b[39;49m\u001b[43m.\u001b[49m\u001b[43m_pool\u001b[49m\u001b[43m.\u001b[49m\u001b[43mhandle_request\u001b[49m\u001b[43m(\u001b[49m\u001b[43mreq\u001b[49m\u001b[43m)\u001b[49m\n\u001b[32m    238\u001b[39m \u001b[38;5;28;01massert\u001b[39;00m \u001b[38;5;28misinstance\u001b[39m(resp.stream, typing.Iterable)\n\n\u001b[36mFile \u001b[39m\u001b[32mc:\\Users\\AS9969\\Desktop\\Ashish Work Folder\\DFMEA\\dfmea\\dfmea_env\\Lib\\site-packages\\httpcore\\_sync\\connection_pool.py:256\u001b[39m, in \u001b[36mConnectionPool.handle_request\u001b[39m\u001b[34m(self, request)\u001b[39m\n\u001b[32m    255\u001b[39m     \u001b[38;5;28mself\u001b[39m._close_connections(closing)\n\u001b[32m--> \u001b[39m\u001b[32m256\u001b[39m     \u001b[38;5;28;01mraise\u001b[39;00m exc \u001b[38;5;28;01mfrom\u001b[39;00m\u001b[38;5;250m \u001b[39m\u001b[38;5;28;01mNone\u001b[39;00m\n\u001b[32m    258\u001b[39m \u001b[38;5;66;03m# Return the response. Note that in this case we still have to manage\u001b[39;00m\n\u001b[32m    259\u001b[39m \u001b[38;5;66;03m# the point at which the response is closed.\u001b[39;00m\n\n\u001b[36mFile \u001b[39m\u001b[32mc:\\Users\\AS9969\\Desktop\\Ashish Work Folder\\DFMEA\\dfmea\\dfmea_env\\Lib\\site-packages\\httpcore\\_sync\\connection_pool.py:236\u001b[39m, in \u001b[36mConnectionPool.handle_request\u001b[39m\u001b[34m(self, request)\u001b[39m\n\u001b[32m    234\u001b[39m \u001b[38;5;28;01mtry\u001b[39;00m:\n\u001b[32m    235\u001b[39m     \u001b[38;5;66;03m# Send the request on the assigned connection.\u001b[39;00m\n\u001b[32m--> \u001b[39m\u001b[32m236\u001b[39m     response = \u001b[43mconnection\u001b[49m\u001b[43m.\u001b[49m\u001b[43mhandle_request\u001b[49m\u001b[43m(\u001b[49m\n\u001b[32m    237\u001b[39m \u001b[43m        \u001b[49m\u001b[43mpool_request\u001b[49m\u001b[43m.\u001b[49m\u001b[43mrequest\u001b[49m\n\u001b[32m    238\u001b[39m \u001b[43m    \u001b[49m\u001b[43m)\u001b[49m\n\u001b[32m    239\u001b[39m \u001b[38;5;28;01mexcept\u001b[39;00m ConnectionNotAvailable:\n\u001b[32m    240\u001b[39m     \u001b[38;5;66;03m# In some cases a connection may initially be available to\u001b[39;00m\n\u001b[32m    241\u001b[39m     \u001b[38;5;66;03m# handle a request, but then become unavailable.\u001b[39;00m\n\u001b[32m    242\u001b[39m     \u001b[38;5;66;03m#\u001b[39;00m\n\u001b[32m    243\u001b[39m     \u001b[38;5;66;03m# In this case we clear the connection and try again.\u001b[39;00m\n\n\u001b[36mFile \u001b[39m\u001b[32mc:\\Users\\AS9969\\Desktop\\Ashish Work Folder\\DFMEA\\dfmea\\dfmea_env\\Lib\\site-packages\\httpcore\\_sync\\connection.py:101\u001b[39m, in \u001b[36mHTTPConnection.handle_request\u001b[39m\u001b[34m(self, request)\u001b[39m\n\u001b[32m    100\u001b[39m     \u001b[38;5;28mself\u001b[39m._connect_failed = \u001b[38;5;28;01mTrue\u001b[39;00m\n\u001b[32m--> \u001b[39m\u001b[32m101\u001b[39m     \u001b[38;5;28;01mraise\u001b[39;00m exc\n\u001b[32m    103\u001b[39m \u001b[38;5;28;01mreturn\u001b[39;00m \u001b[38;5;28mself\u001b[39m._connection.handle_request(request)\n\n\u001b[36mFile \u001b[39m\u001b[32mc:\\Users\\AS9969\\Desktop\\Ashish Work Folder\\DFMEA\\dfmea\\dfmea_env\\Lib\\site-packages\\httpcore\\_sync\\connection.py:78\u001b[39m, in \u001b[36mHTTPConnection.handle_request\u001b[39m\u001b[34m(self, request)\u001b[39m\n\u001b[32m     77\u001b[39m \u001b[38;5;28;01mif\u001b[39;00m \u001b[38;5;28mself\u001b[39m._connection \u001b[38;5;129;01mis\u001b[39;00m \u001b[38;5;28;01mNone\u001b[39;00m:\n\u001b[32m---> \u001b[39m\u001b[32m78\u001b[39m     stream = \u001b[38;5;28;43mself\u001b[39;49m\u001b[43m.\u001b[49m\u001b[43m_connect\u001b[49m\u001b[43m(\u001b[49m\u001b[43mrequest\u001b[49m\u001b[43m)\u001b[49m\n\u001b[32m     80\u001b[39m     ssl_object = stream.get_extra_info(\u001b[33m\"\u001b[39m\u001b[33mssl_object\u001b[39m\u001b[33m\"\u001b[39m)\n\n\u001b[36mFile \u001b[39m\u001b[32mc:\\Users\\AS9969\\Desktop\\Ashish Work Folder\\DFMEA\\dfmea\\dfmea_env\\Lib\\site-packages\\httpcore\\_sync\\connection.py:156\u001b[39m, in \u001b[36mHTTPConnection._connect\u001b[39m\u001b[34m(self, request)\u001b[39m\n\u001b[32m    155\u001b[39m \u001b[38;5;28;01mwith\u001b[39;00m Trace(\u001b[33m\"\u001b[39m\u001b[33mstart_tls\u001b[39m\u001b[33m\"\u001b[39m, logger, request, kwargs) \u001b[38;5;28;01mas\u001b[39;00m trace:\n\u001b[32m--> \u001b[39m\u001b[32m156\u001b[39m     stream = \u001b[43mstream\u001b[49m\u001b[43m.\u001b[49m\u001b[43mstart_tls\u001b[49m\u001b[43m(\u001b[49m\u001b[43m*\u001b[49m\u001b[43m*\u001b[49m\u001b[43mkwargs\u001b[49m\u001b[43m)\u001b[49m\n\u001b[32m    157\u001b[39m     trace.return_value = stream\n\n\u001b[36mFile \u001b[39m\u001b[32mc:\\Users\\AS9969\\Desktop\\Ashish Work Folder\\DFMEA\\dfmea\\dfmea_env\\Lib\\site-packages\\httpcore\\_backends\\sync.py:154\u001b[39m, in \u001b[36mSyncStream.start_tls\u001b[39m\u001b[34m(self, ssl_context, server_hostname, timeout)\u001b[39m\n\u001b[32m    150\u001b[39m exc_map: ExceptionMapping = {\n\u001b[32m    151\u001b[39m     socket.timeout: ConnectTimeout,\n\u001b[32m    152\u001b[39m     \u001b[38;5;167;01mOSError\u001b[39;00m: ConnectError,\n\u001b[32m    153\u001b[39m }\n\u001b[32m--> \u001b[39m\u001b[32m154\u001b[39m \u001b[38;5;28;01mwith\u001b[39;00m map_exceptions(exc_map):\n\u001b[32m    155\u001b[39m     \u001b[38;5;28;01mtry\u001b[39;00m:\n\n\u001b[36mFile \u001b[39m\u001b[32mC:\\Program Files\\Python312\\Lib\\contextlib.py:158\u001b[39m, in \u001b[36m_GeneratorContextManager.__exit__\u001b[39m\u001b[34m(self, typ, value, traceback)\u001b[39m\n\u001b[32m    157\u001b[39m \u001b[38;5;28;01mtry\u001b[39;00m:\n\u001b[32m--> \u001b[39m\u001b[32m158\u001b[39m     \u001b[38;5;28;43mself\u001b[39;49m\u001b[43m.\u001b[49m\u001b[43mgen\u001b[49m\u001b[43m.\u001b[49m\u001b[43mthrow\u001b[49m\u001b[43m(\u001b[49m\u001b[43mvalue\u001b[49m\u001b[43m)\u001b[49m\n\u001b[32m    159\u001b[39m \u001b[38;5;28;01mexcept\u001b[39;00m \u001b[38;5;167;01mStopIteration\u001b[39;00m \u001b[38;5;28;01mas\u001b[39;00m exc:\n\u001b[32m    160\u001b[39m     \u001b[38;5;66;03m# Suppress StopIteration *unless* it's the same exception that\u001b[39;00m\n\u001b[32m    161\u001b[39m     \u001b[38;5;66;03m# was passed to throw().  This prevents a StopIteration\u001b[39;00m\n\u001b[32m    162\u001b[39m     \u001b[38;5;66;03m# raised inside the \"with\" statement from being suppressed.\u001b[39;00m\n\n\u001b[36mFile \u001b[39m\u001b[32mc:\\Users\\AS9969\\Desktop\\Ashish Work Folder\\DFMEA\\dfmea\\dfmea_env\\Lib\\site-packages\\httpcore\\_exceptions.py:14\u001b[39m, in \u001b[36mmap_exceptions\u001b[39m\u001b[34m(map)\u001b[39m\n\u001b[32m     13\u001b[39m     \u001b[38;5;28;01mif\u001b[39;00m \u001b[38;5;28misinstance\u001b[39m(exc, from_exc):\n\u001b[32m---> \u001b[39m\u001b[32m14\u001b[39m         \u001b[38;5;28;01mraise\u001b[39;00m to_exc(exc) \u001b[38;5;28;01mfrom\u001b[39;00m\u001b[38;5;250m \u001b[39m\u001b[34;01mexc\u001b[39;00m\n\u001b[32m     15\u001b[39m \u001b[38;5;28;01mraise\u001b[39;00m\n\n\u001b[31mConnectError\u001b[39m: [SSL: CERTIFICATE_VERIFY_FAILED] certificate verify failed: unable to get local issuer certificate (_ssl.c:1010)\n\nThe above exception was the direct cause of the following exception:\n\n\u001b[31mConnectError\u001b[39m                              Traceback (most recent call last)\n\u001b[36mFile \u001b[39m\u001b[32mc:\\Users\\AS9969\\Desktop\\Ashish Work Folder\\DFMEA\\dfmea\\dfmea_env\\Lib\\site-packages\\qdrant_client\\http\\api_client.py:116\u001b[39m, in \u001b[36mApiClient.send_inner\u001b[39m\u001b[34m(self, request)\u001b[39m\n\u001b[32m    115\u001b[39m \u001b[38;5;28;01mtry\u001b[39;00m:\n\u001b[32m--> \u001b[39m\u001b[32m116\u001b[39m     response = \u001b[38;5;28;43mself\u001b[39;49m\u001b[43m.\u001b[49m\u001b[43m_client\u001b[49m\u001b[43m.\u001b[49m\u001b[43msend\u001b[49m\u001b[43m(\u001b[49m\u001b[43mrequest\u001b[49m\u001b[43m)\u001b[49m\n\u001b[32m    117\u001b[39m \u001b[38;5;28;01mexcept\u001b[39;00m \u001b[38;5;167;01mException\u001b[39;00m \u001b[38;5;28;01mas\u001b[39;00m e:\n\n\u001b[36mFile \u001b[39m\u001b[32mc:\\Users\\AS9969\\Desktop\\Ashish Work Folder\\DFMEA\\dfmea\\dfmea_env\\Lib\\site-packages\\httpx\\_client.py:926\u001b[39m, in \u001b[36mClient.send\u001b[39m\u001b[34m(self, request, stream, auth, follow_redirects)\u001b[39m\n\u001b[32m    924\u001b[39m auth = \u001b[38;5;28mself\u001b[39m._build_request_auth(request, auth)\n\u001b[32m--> \u001b[39m\u001b[32m926\u001b[39m response = \u001b[38;5;28;43mself\u001b[39;49m\u001b[43m.\u001b[49m\u001b[43m_send_handling_auth\u001b[49m\u001b[43m(\u001b[49m\n\u001b[32m    927\u001b[39m \u001b[43m    \u001b[49m\u001b[43mrequest\u001b[49m\u001b[43m,\u001b[49m\n\u001b[32m    928\u001b[39m \u001b[43m    \u001b[49m\u001b[43mauth\u001b[49m\u001b[43m=\u001b[49m\u001b[43mauth\u001b[49m\u001b[43m,\u001b[49m\n\u001b[32m    929\u001b[39m \u001b[43m    \u001b[49m\u001b[43mfollow_redirects\u001b[49m\u001b[43m=\u001b[49m\u001b[43mfollow_redirects\u001b[49m\u001b[43m,\u001b[49m\n\u001b[32m    930\u001b[39m \u001b[43m    \u001b[49m\u001b[43mhistory\u001b[49m\u001b[43m=\u001b[49m\u001b[43m[\u001b[49m\u001b[43m]\u001b[49m\u001b[43m,\u001b[49m\n\u001b[32m    931\u001b[39m \u001b[43m\u001b[49m\u001b[43m)\u001b[49m\n\u001b[32m    932\u001b[39m \u001b[38;5;28;01mtry\u001b[39;00m:\n\n\u001b[36mFile \u001b[39m\u001b[32mc:\\Users\\AS9969\\Desktop\\Ashish Work Folder\\DFMEA\\dfmea\\dfmea_env\\Lib\\site-packages\\httpx\\_client.py:954\u001b[39m, in \u001b[36mClient._send_handling_auth\u001b[39m\u001b[34m(self, request, auth, follow_redirects, history)\u001b[39m\n\u001b[32m    953\u001b[39m \u001b[38;5;28;01mwhile\u001b[39;00m \u001b[38;5;28;01mTrue\u001b[39;00m:\n\u001b[32m--> \u001b[39m\u001b[32m954\u001b[39m     response = \u001b[38;5;28;43mself\u001b[39;49m\u001b[43m.\u001b[49m\u001b[43m_send_handling_redirects\u001b[49m\u001b[43m(\u001b[49m\n\u001b[32m    955\u001b[39m \u001b[43m        \u001b[49m\u001b[43mrequest\u001b[49m\u001b[43m,\u001b[49m\n\u001b[32m    956\u001b[39m \u001b[43m        \u001b[49m\u001b[43mfollow_redirects\u001b[49m\u001b[43m=\u001b[49m\u001b[43mfollow_redirects\u001b[49m\u001b[43m,\u001b[49m\n\u001b[32m    957\u001b[39m \u001b[43m        \u001b[49m\u001b[43mhistory\u001b[49m\u001b[43m=\u001b[49m\u001b[43mhistory\u001b[49m\u001b[43m,\u001b[49m\n\u001b[32m    958\u001b[39m \u001b[43m    \u001b[49m\u001b[43m)\u001b[49m\n\u001b[32m    959\u001b[39m     \u001b[38;5;28;01mtry\u001b[39;00m:\n\n\u001b[36mFile \u001b[39m\u001b[32mc:\\Users\\AS9969\\Desktop\\Ashish Work Folder\\DFMEA\\dfmea\\dfmea_env\\Lib\\site-packages\\httpx\\_client.py:991\u001b[39m, in \u001b[36mClient._send_handling_redirects\u001b[39m\u001b[34m(self, request, follow_redirects, history)\u001b[39m\n\u001b[32m    989\u001b[39m     hook(request)\n\u001b[32m--> \u001b[39m\u001b[32m991\u001b[39m response = \u001b[38;5;28;43mself\u001b[39;49m\u001b[43m.\u001b[49m\u001b[43m_send_single_request\u001b[49m\u001b[43m(\u001b[49m\u001b[43mrequest\u001b[49m\u001b[43m)\u001b[49m\n\u001b[32m    992\u001b[39m \u001b[38;5;28;01mtry\u001b[39;00m:\n\n\u001b[36mFile \u001b[39m\u001b[32mc:\\Users\\AS9969\\Desktop\\Ashish Work Folder\\DFMEA\\dfmea\\dfmea_env\\Lib\\site-packages\\httpx\\_client.py:1027\u001b[39m, in \u001b[36mClient._send_single_request\u001b[39m\u001b[34m(self, request)\u001b[39m\n\u001b[32m   1026\u001b[39m \u001b[38;5;28;01mwith\u001b[39;00m request_context(request=request):\n\u001b[32m-> \u001b[39m\u001b[32m1027\u001b[39m     response = \u001b[43mtransport\u001b[49m\u001b[43m.\u001b[49m\u001b[43mhandle_request\u001b[49m\u001b[43m(\u001b[49m\u001b[43mrequest\u001b[49m\u001b[43m)\u001b[49m\n\u001b[32m   1029\u001b[39m \u001b[38;5;28;01massert\u001b[39;00m \u001b[38;5;28misinstance\u001b[39m(response.stream, SyncByteStream)\n\n\u001b[36mFile \u001b[39m\u001b[32mc:\\Users\\AS9969\\Desktop\\Ashish Work Folder\\DFMEA\\dfmea\\dfmea_env\\Lib\\site-packages\\httpx\\_transports\\default.py:235\u001b[39m, in \u001b[36mHTTPTransport.handle_request\u001b[39m\u001b[34m(self, request)\u001b[39m\n\u001b[32m    223\u001b[39m req = httpcore.Request(\n\u001b[32m    224\u001b[39m     method=request.method,\n\u001b[32m    225\u001b[39m     url=httpcore.URL(\n\u001b[32m   (...)\u001b[39m\u001b[32m    233\u001b[39m     extensions=request.extensions,\n\u001b[32m    234\u001b[39m )\n\u001b[32m--> \u001b[39m\u001b[32m235\u001b[39m \u001b[38;5;28;01mwith\u001b[39;00m map_httpcore_exceptions():\n\u001b[32m    236\u001b[39m     resp = \u001b[38;5;28mself\u001b[39m._pool.handle_request(req)\n\n\u001b[36mFile \u001b[39m\u001b[32mC:\\Program Files\\Python312\\Lib\\contextlib.py:158\u001b[39m, in \u001b[36m_GeneratorContextManager.__exit__\u001b[39m\u001b[34m(self, typ, value, traceback)\u001b[39m\n\u001b[32m    157\u001b[39m \u001b[38;5;28;01mtry\u001b[39;00m:\n\u001b[32m--> \u001b[39m\u001b[32m158\u001b[39m     \u001b[38;5;28;43mself\u001b[39;49m\u001b[43m.\u001b[49m\u001b[43mgen\u001b[49m\u001b[43m.\u001b[49m\u001b[43mthrow\u001b[49m\u001b[43m(\u001b[49m\u001b[43mvalue\u001b[49m\u001b[43m)\u001b[49m\n\u001b[32m    159\u001b[39m \u001b[38;5;28;01mexcept\u001b[39;00m \u001b[38;5;167;01mStopIteration\u001b[39;00m \u001b[38;5;28;01mas\u001b[39;00m exc:\n\u001b[32m    160\u001b[39m     \u001b[38;5;66;03m# Suppress StopIteration *unless* it's the same exception that\u001b[39;00m\n\u001b[32m    161\u001b[39m     \u001b[38;5;66;03m# was passed to throw().  This prevents a StopIteration\u001b[39;00m\n\u001b[32m    162\u001b[39m     \u001b[38;5;66;03m# raised inside the \"with\" statement from being suppressed.\u001b[39;00m\n\n\u001b[36mFile \u001b[39m\u001b[32mc:\\Users\\AS9969\\Desktop\\Ashish Work Folder\\DFMEA\\dfmea\\dfmea_env\\Lib\\site-packages\\httpx\\_transports\\default.py:89\u001b[39m, in \u001b[36mmap_httpcore_exceptions\u001b[39m\u001b[34m()\u001b[39m\n\u001b[32m     88\u001b[39m message = \u001b[38;5;28mstr\u001b[39m(exc)\n\u001b[32m---> \u001b[39m\u001b[32m89\u001b[39m \u001b[38;5;28;01mraise\u001b[39;00m mapped_exc(message) \u001b[38;5;28;01mfrom\u001b[39;00m\u001b[38;5;250m \u001b[39m\u001b[34;01mexc\u001b[39;00m\n\n\u001b[31mConnectError\u001b[39m: [SSL: CERTIFICATE_VERIFY_FAILED] certificate verify failed: unable to get local issuer certificate (_ssl.c:1010)\n\nDuring handling of the above exception, another exception occurred:\n\n\u001b[31mResponseHandlingException\u001b[39m                 Traceback (most recent call last)\n\u001b[36mCell\u001b[39m\u001b[36m \u001b[39m\u001b[32mIn[20]\u001b[39m\u001b[32m, line 8\u001b[39m\n\u001b[32m      1\u001b[39m \u001b[38;5;28;01mfrom\u001b[39;00m\u001b[38;5;250m \u001b[39m\u001b[34;01mqdrant_client\u001b[39;00m\u001b[38;5;250m \u001b[39m\u001b[38;5;28;01mimport\u001b[39;00m QdrantClient\n\u001b[32m      3\u001b[39m qdrant_client = QdrantClient(\n\u001b[32m      4\u001b[39m     url=\u001b[33m\"\u001b[39m\u001b[33mhttps://ad2cab77-9c04-4c82-acad-c2e1def37873.us-west-1-0.aws.cloud.qdrant.io:6333\u001b[39m\u001b[33m\"\u001b[39m, \n\u001b[32m      5\u001b[39m     api_key=\u001b[33m\"\u001b[39m\u001b[33meyJhbGciOiJIUzI1NiIsInR5cCI6IkpXVCJ9.eyJhY2Nlc3MiOiJtIn0._bv7FpsbU0PpV9qZA2-Ze44MS8HsZTQOuOwfcjQw2pM\u001b[39m\u001b[33m\"\u001b[39m,\n\u001b[32m      6\u001b[39m )\n\u001b[32m----> \u001b[39m\u001b[32m8\u001b[39m \u001b[38;5;28mprint\u001b[39m(\u001b[43mqdrant_client\u001b[49m\u001b[43m.\u001b[49m\u001b[43mget_collections\u001b[49m\u001b[43m(\u001b[49m\u001b[43m)\u001b[49m)\n\n\u001b[36mFile \u001b[39m\u001b[32mc:\\Users\\AS9969\\Desktop\\Ashish Work Folder\\DFMEA\\dfmea\\dfmea_env\\Lib\\site-packages\\qdrant_client\\qdrant_client.py:2140\u001b[39m, in \u001b[36mQdrantClient.get_collections\u001b[39m\u001b[34m(self, **kwargs)\u001b[39m\n\u001b[32m   2133\u001b[39m \u001b[38;5;250m\u001b[39m\u001b[33;03m\"\"\"Get list name of all existing collections\u001b[39;00m\n\u001b[32m   2134\u001b[39m \n\u001b[32m   2135\u001b[39m \u001b[33;03mReturns:\u001b[39;00m\n\u001b[32m   2136\u001b[39m \u001b[33;03m    List of the collections\u001b[39;00m\n\u001b[32m   2137\u001b[39m \u001b[33;03m\"\"\"\u001b[39;00m\n\u001b[32m   2138\u001b[39m \u001b[38;5;28;01massert\u001b[39;00m \u001b[38;5;28mlen\u001b[39m(kwargs) == \u001b[32m0\u001b[39m, \u001b[33mf\u001b[39m\u001b[33m\"\u001b[39m\u001b[33mUnknown arguments: \u001b[39m\u001b[38;5;132;01m{\u001b[39;00m\u001b[38;5;28mlist\u001b[39m(kwargs.keys())\u001b[38;5;132;01m}\u001b[39;00m\u001b[33m\"\u001b[39m\n\u001b[32m-> \u001b[39m\u001b[32m2140\u001b[39m \u001b[38;5;28;01mreturn\u001b[39;00m \u001b[38;5;28;43mself\u001b[39;49m\u001b[43m.\u001b[49m\u001b[43m_client\u001b[49m\u001b[43m.\u001b[49m\u001b[43mget_collections\u001b[49m\u001b[43m(\u001b[49m\u001b[43m*\u001b[49m\u001b[43m*\u001b[49m\u001b[43mkwargs\u001b[49m\u001b[43m)\u001b[49m\n\n\u001b[36mFile \u001b[39m\u001b[32mc:\\Users\\AS9969\\Desktop\\Ashish Work Folder\\DFMEA\\dfmea\\dfmea_env\\Lib\\site-packages\\qdrant_client\\qdrant_remote.py:2568\u001b[39m, in \u001b[36mQdrantRemote.get_collections\u001b[39m\u001b[34m(self, **kwargs)\u001b[39m\n\u001b[32m   2557\u001b[39m     response = \u001b[38;5;28mself\u001b[39m.grpc_collections.List(\n\u001b[32m   2558\u001b[39m         grpc.ListCollectionsRequest(), timeout=\u001b[38;5;28mself\u001b[39m._timeout\n\u001b[32m   2559\u001b[39m     ).collections\n\u001b[32m   2560\u001b[39m     \u001b[38;5;28;01mreturn\u001b[39;00m types.CollectionsResponse(\n\u001b[32m   2561\u001b[39m         collections=[\n\u001b[32m   2562\u001b[39m             GrpcToRest.convert_collection_description(description)\n\u001b[32m   2563\u001b[39m             \u001b[38;5;28;01mfor\u001b[39;00m description \u001b[38;5;129;01min\u001b[39;00m response\n\u001b[32m   2564\u001b[39m         ]\n\u001b[32m   2565\u001b[39m     )\n\u001b[32m   2567\u001b[39m result: Optional[types.CollectionsResponse] = (\n\u001b[32m-> \u001b[39m\u001b[32m2568\u001b[39m     \u001b[38;5;28;43mself\u001b[39;49m\u001b[43m.\u001b[49m\u001b[43mhttp\u001b[49m\u001b[43m.\u001b[49m\u001b[43mcollections_api\u001b[49m\u001b[43m.\u001b[49m\u001b[43mget_collections\u001b[49m\u001b[43m(\u001b[49m\u001b[43m)\u001b[49m.result\n\u001b[32m   2569\u001b[39m )\n\u001b[32m   2570\u001b[39m \u001b[38;5;28;01massert\u001b[39;00m result \u001b[38;5;129;01mis\u001b[39;00m \u001b[38;5;129;01mnot\u001b[39;00m \u001b[38;5;28;01mNone\u001b[39;00m, \u001b[33m\"\u001b[39m\u001b[33mGet collections returned None\u001b[39m\u001b[33m\"\u001b[39m\n\u001b[32m   2571\u001b[39m \u001b[38;5;28;01mreturn\u001b[39;00m result\n\n\u001b[36mFile \u001b[39m\u001b[32mc:\\Users\\AS9969\\Desktop\\Ashish Work Folder\\DFMEA\\dfmea\\dfmea_env\\Lib\\site-packages\\qdrant_client\\http\\api\\collections_api.py:330\u001b[39m, in \u001b[36mSyncCollectionsApi.get_collections\u001b[39m\u001b[34m(self)\u001b[39m\n\u001b[32m    324\u001b[39m \u001b[38;5;28;01mdef\u001b[39;00m\u001b[38;5;250m \u001b[39m\u001b[34mget_collections\u001b[39m(\n\u001b[32m    325\u001b[39m     \u001b[38;5;28mself\u001b[39m,\n\u001b[32m    326\u001b[39m ) -> m.InlineResponse2004:\n\u001b[32m    327\u001b[39m \u001b[38;5;250m    \u001b[39m\u001b[33;03m\"\"\"\u001b[39;00m\n\u001b[32m    328\u001b[39m \u001b[33;03m    Get list name of all existing collections\u001b[39;00m\n\u001b[32m    329\u001b[39m \u001b[33;03m    \"\"\"\u001b[39;00m\n\u001b[32m--> \u001b[39m\u001b[32m330\u001b[39m     \u001b[38;5;28;01mreturn\u001b[39;00m \u001b[38;5;28;43mself\u001b[39;49m\u001b[43m.\u001b[49m\u001b[43m_build_for_get_collections\u001b[49m\u001b[43m(\u001b[49m\u001b[43m)\u001b[49m\n\n\u001b[36mFile \u001b[39m\u001b[32mc:\\Users\\AS9969\\Desktop\\Ashish Work Folder\\DFMEA\\dfmea\\dfmea_env\\Lib\\site-packages\\qdrant_client\\http\\api\\collections_api.py:159\u001b[39m, in \u001b[36m_CollectionsApi._build_for_get_collections\u001b[39m\u001b[34m(self)\u001b[39m\n\u001b[32m    155\u001b[39m \u001b[38;5;250m\u001b[39m\u001b[33;03m\"\"\"\u001b[39;00m\n\u001b[32m    156\u001b[39m \u001b[33;03mGet list name of all existing collections\u001b[39;00m\n\u001b[32m    157\u001b[39m \u001b[33;03m\"\"\"\u001b[39;00m\n\u001b[32m    158\u001b[39m headers = {}\n\u001b[32m--> \u001b[39m\u001b[32m159\u001b[39m \u001b[38;5;28;01mreturn\u001b[39;00m \u001b[38;5;28;43mself\u001b[39;49m\u001b[43m.\u001b[49m\u001b[43mapi_client\u001b[49m\u001b[43m.\u001b[49m\u001b[43mrequest\u001b[49m\u001b[43m(\u001b[49m\n\u001b[32m    160\u001b[39m \u001b[43m    \u001b[49m\u001b[43mtype_\u001b[49m\u001b[43m=\u001b[49m\u001b[43mm\u001b[49m\u001b[43m.\u001b[49m\u001b[43mInlineResponse2004\u001b[49m\u001b[43m,\u001b[49m\n\u001b[32m    161\u001b[39m \u001b[43m    \u001b[49m\u001b[43mmethod\u001b[49m\u001b[43m=\u001b[49m\u001b[33;43m\"\u001b[39;49m\u001b[33;43mGET\u001b[39;49m\u001b[33;43m\"\u001b[39;49m\u001b[43m,\u001b[49m\n\u001b[32m    162\u001b[39m \u001b[43m    \u001b[49m\u001b[43murl\u001b[49m\u001b[43m=\u001b[49m\u001b[33;43m\"\u001b[39;49m\u001b[33;43m/collections\u001b[39;49m\u001b[33;43m\"\u001b[39;49m\u001b[43m,\u001b[49m\n\u001b[32m    163\u001b[39m \u001b[43m    \u001b[49m\u001b[43mheaders\u001b[49m\u001b[43m=\u001b[49m\u001b[43mheaders\u001b[49m\u001b[43m \u001b[49m\u001b[38;5;28;43;01mif\u001b[39;49;00m\u001b[43m \u001b[49m\u001b[43mheaders\u001b[49m\u001b[43m \u001b[49m\u001b[38;5;28;43;01melse\u001b[39;49;00m\u001b[43m \u001b[49m\u001b[38;5;28;43;01mNone\u001b[39;49;00m\u001b[43m,\u001b[49m\n\u001b[32m    164\u001b[39m \u001b[43m\u001b[49m\u001b[43m)\u001b[49m\n\n\u001b[36mFile \u001b[39m\u001b[32mc:\\Users\\AS9969\\Desktop\\Ashish Work Folder\\DFMEA\\dfmea\\dfmea_env\\Lib\\site-packages\\qdrant_client\\http\\api_client.py:89\u001b[39m, in \u001b[36mApiClient.request\u001b[39m\u001b[34m(self, type_, method, url, path_params, **kwargs)\u001b[39m\n\u001b[32m     87\u001b[39m     kwargs[\u001b[33m\"\u001b[39m\u001b[33mtimeout\u001b[39m\u001b[33m\"\u001b[39m] = \u001b[38;5;28mint\u001b[39m(kwargs[\u001b[33m\"\u001b[39m\u001b[33mparams\u001b[39m\u001b[33m\"\u001b[39m][\u001b[33m\"\u001b[39m\u001b[33mtimeout\u001b[39m\u001b[33m\"\u001b[39m])\n\u001b[32m     88\u001b[39m request = \u001b[38;5;28mself\u001b[39m._client.build_request(method, url, **kwargs)\n\u001b[32m---> \u001b[39m\u001b[32m89\u001b[39m \u001b[38;5;28;01mreturn\u001b[39;00m \u001b[38;5;28;43mself\u001b[39;49m\u001b[43m.\u001b[49m\u001b[43msend\u001b[49m\u001b[43m(\u001b[49m\u001b[43mrequest\u001b[49m\u001b[43m,\u001b[49m\u001b[43m \u001b[49m\u001b[43mtype_\u001b[49m\u001b[43m)\u001b[49m\n\n\u001b[36mFile \u001b[39m\u001b[32mc:\\Users\\AS9969\\Desktop\\Ashish Work Folder\\DFMEA\\dfmea\\dfmea_env\\Lib\\site-packages\\qdrant_client\\http\\api_client.py:106\u001b[39m, in \u001b[36mApiClient.send\u001b[39m\u001b[34m(self, request, type_)\u001b[39m\n\u001b[32m    105\u001b[39m \u001b[38;5;28;01mdef\u001b[39;00m\u001b[38;5;250m \u001b[39m\u001b[34msend\u001b[39m(\u001b[38;5;28mself\u001b[39m, request: Request, type_: Type[T]) -> T:\n\u001b[32m--> \u001b[39m\u001b[32m106\u001b[39m     response = \u001b[38;5;28;43mself\u001b[39;49m\u001b[43m.\u001b[49m\u001b[43mmiddleware\u001b[49m\u001b[43m(\u001b[49m\u001b[43mrequest\u001b[49m\u001b[43m,\u001b[49m\u001b[43m \u001b[49m\u001b[38;5;28;43mself\u001b[39;49m\u001b[43m.\u001b[49m\u001b[43msend_inner\u001b[49m\u001b[43m)\u001b[49m\n\u001b[32m    107\u001b[39m     \u001b[38;5;28;01mif\u001b[39;00m response.status_code \u001b[38;5;129;01min\u001b[39;00m [\u001b[32m200\u001b[39m, \u001b[32m201\u001b[39m, \u001b[32m202\u001b[39m]:\n\u001b[32m    108\u001b[39m         \u001b[38;5;28;01mtry\u001b[39;00m:\n\n\u001b[36mFile \u001b[39m\u001b[32mc:\\Users\\AS9969\\Desktop\\Ashish Work Folder\\DFMEA\\dfmea\\dfmea_env\\Lib\\site-packages\\qdrant_client\\http\\api_client.py:215\u001b[39m, in \u001b[36mBaseMiddleware.__call__\u001b[39m\u001b[34m(self, request, call_next)\u001b[39m\n\u001b[32m    214\u001b[39m \u001b[38;5;28;01mdef\u001b[39;00m\u001b[38;5;250m \u001b[39m\u001b[34m__call__\u001b[39m(\u001b[38;5;28mself\u001b[39m, request: Request, call_next: Send) -> Response:\n\u001b[32m--> \u001b[39m\u001b[32m215\u001b[39m     \u001b[38;5;28;01mreturn\u001b[39;00m \u001b[43mcall_next\u001b[49m\u001b[43m(\u001b[49m\u001b[43mrequest\u001b[49m\u001b[43m)\u001b[49m\n\n\u001b[36mFile \u001b[39m\u001b[32mc:\\Users\\AS9969\\Desktop\\Ashish Work Folder\\DFMEA\\dfmea\\dfmea_env\\Lib\\site-packages\\qdrant_client\\http\\api_client.py:118\u001b[39m, in \u001b[36mApiClient.send_inner\u001b[39m\u001b[34m(self, request)\u001b[39m\n\u001b[32m    116\u001b[39m     response = \u001b[38;5;28mself\u001b[39m._client.send(request)\n\u001b[32m    117\u001b[39m \u001b[38;5;28;01mexcept\u001b[39;00m \u001b[38;5;167;01mException\u001b[39;00m \u001b[38;5;28;01mas\u001b[39;00m e:\n\u001b[32m--> \u001b[39m\u001b[32m118\u001b[39m     \u001b[38;5;28;01mraise\u001b[39;00m ResponseHandlingException(e)\n\u001b[32m    119\u001b[39m \u001b[38;5;28;01mreturn\u001b[39;00m response\n\n\u001b[31mResponseHandlingException\u001b[39m: [SSL: CERTIFICATE_VERIFY_FAILED] certificate verify failed: unable to get local issuer certificate (_ssl.c:1010)"
}
